$ next build
info  - Loaded env from /Users/ericson.funtanar/Dev/personal/CED/apps/client/.env
warn  - Invalid next.config.js options detected: 
  - The root value has an unexpected property, concurrentFeatures, which is not in the list of allowed properties (amp, analyticsId, assetPrefix, basePath, cleanDistDir, compiler, compress, crossOrigin, devIndicators, distDir, env, eslint, excludeDefaultMomentLocales, experimental, exportPathMap, future, generateBuildId, generateEtags, headers, httpAgentOptions, i18n, images, onDemandEntries, optimizeFonts, output, outputFileTracing, pageExtensions, poweredByHeader, productionBrowserSourceMaps, publicRuntimeConfig, reactStrictMode, redirects, rewrites, sassOptions, serverRuntimeConfig, staticPageGenerationTimeout, swcMinify, trailingSlash, typescript, useFileSystemPublicRoutes, webpack).

See more info here: https://nextjs.org/docs/messages/invalid-next-config
info  - Linting and checking validity of types...
warn  - The Next.js plugin was not detected in your ESLint configuration. See https://nextjs.org/docs/basic-features/eslint#migrating-existing-config

./src/hooks/useEffectOnce.ts
33:6  Warning: React Hook useEffect has a missing dependency: 'effect'. Either include it or remove the dependency array. If 'effect' changes too often, find the parent component that defines it and wrap that definition in useCallback.  react-hooks/exhaustive-deps

info  - Need to disable some ESLint rules? Learn more here: https://nextjs.org/docs/basic-features/eslint#disabling-rules
info  - Creating an optimized production build...
info  - Compiled successfully
info  - Collecting page data...
info  - Generating static pages (0/5)
info  - Generating static pages (1/5)
info  - Generating static pages (2/5)
info  - Generating static pages (3/5)
info  - Generating static pages (5/5)
info  - Finalizing page optimization...

Route (pages)                              Size     First Load JS
┌ ○ / (324 ms)                             31.8 kB         176 kB
├   /_app                                  0 B             123 kB
├ ○ /404                                   196 B           123 kB
├ ○ /dashboard (1428 ms)                   18.1 kB         162 kB
└ ○ /test                                  256 B           123 kB
+ First Load JS shared by all              136 kB
  ├ chunks/framework-aab07647cae7b94f.js   45.3 kB
  ├ chunks/main-fcb2653a37716031.js        31.2 kB
  ├ chunks/pages/_app-25e26fc94b20cbb3.js  44.1 kB
  ├ chunks/webpack-e77bdf6bfbc5668f.js     2.4 kB
  └ css/15d3c95772481aba.css               12.7 kB

○  (Static)  automatically rendered as static HTML (uses no initial props)

